<?xml version="1.0" encoding="UTF-8"?>
<!-- Generated by org.testng.reporters.JUnitXMLReporter -->
<testsuite hostname="DESKTOP-NKE301C" failures="0" tests="5" name="Default test" time="0.056" errors="0" timestamp="21 Feb 2023 10:12:16 GMT">
  <testcase classname="AllMightyPull.allpush" name="@BeforeClass browsers" time="0.0">
    <failure type="org.testng.TestNGException" message="
Parameter &amp;apos;browsername&amp;apos; is required by @Configuration on method browsers but has not been marked @Optional or defined
in C:\Users\Jaya prakash\AppData\Local\Temp\testng-eclipse-1344061469\testng-customsuite.xml">
      <![CDATA[org.testng.TestNGException: 
Parameter 'browsername' is required by @Configuration on method browsers but has not been marked @Optional or defined
in C:\Users\Jaya prakash\AppData\Local\Temp\testng-eclipse-1344061469\testng-customsuite.xml
	at org.testng.internal.Parameters.createParameters(Parameters.java:155)
	at org.testng.internal.Parameters.createParameters(Parameters.java:358)
	at org.testng.internal.Parameters.createConfigurationParameters(Parameters.java:86)
	at org.testng.internal.Invoker.invokeConfigurations(Invoker.java:199)
	at org.testng.internal.Invoker.invokeConfigurations(Invoker.java:138)
	at org.testng.internal.TestMethodWorker.invokeBeforeClassMethods(TestMethodWorker.java:175)
	at org.testng.internal.TestMethodWorker.run(TestMethodWorker.java:107)
	at org.testng.TestRunner.privateRun(TestRunner.java:767)
	at org.testng.TestRunner.run(TestRunner.java:617)
	at org.testng.SuiteRunner.runTest(SuiteRunner.java:334)
	at org.testng.SuiteRunner.runSequentially(SuiteRunner.java:329)
	at org.testng.SuiteRunner.privateRun(SuiteRunner.java:291)
	at org.testng.SuiteRunner.run(SuiteRunner.java:240)
	at org.testng.SuiteRunnerWorker.runSuite(SuiteRunnerWorker.java:52)
	at org.testng.SuiteRunnerWorker.run(SuiteRunnerWorker.java:86)
	at org.testng.TestNG.runSuitesSequentially(TestNG.java:1224)
	at org.testng.TestNG.runSuitesLocally(TestNG.java:1149)
	at org.testng.TestNG.run(TestNG.java:1057)
	at org.testng.remote.AbstractRemoteTestNG.run(AbstractRemoteTestNG.java:115)
	at org.testng.remote.RemoteTestNG.initAndRun(RemoteTestNG.java:251)
	at org.testng.remote.RemoteTestNG.main(RemoteTestNG.java:77)
]]>
    </failure>
  </testcase> <!-- @BeforeClass browsers -->
  <testcase classname="AllMightyPull.allpush" name="urlrun" time="0.01">
    <skipped/>
  </testcase> <!-- urlrun -->
  <testcase classname="AllMightyPull.allpush" name="login" time="0.001">
    <skipped/>
  </testcase> <!-- login -->
  <testcase classname="AllMightyPull.allpush" name="selectuserbutton" time="0.002">
    <skipped/>
  </testcase> <!-- selectuserbutton -->
  <testcase classname="AllMightyPull.allpush" name="typeisdropdown" time="0.003">
    <skipped/>
  </testcase> <!-- typeisdropdown -->
  <testcase classname="AllMightyPull.allpush" name="typeistextbox" time="0.001">
    <skipped/>
  </testcase> <!-- typeistextbox -->
</testsuite> <!-- Default test -->
